nohup: ignoring input

> devinn@0.1.0 dev
> next dev --turbopack -H 0.0.0.0

 ⚠ The config property `experimental.turbo` is deprecated. Move this setting to `config.turbopack` or run `npx @next/codemod@latest next-experimental-turbo-to-turbopack .`
   ▲ Next.js 15.5.0 (Turbopack)
   - Local:        http://localhost:3000
   - Network:      http://0.0.0.0:3000
   - Environments: .env
   - Experiments (use with caution):
     · turbo

 ✓ Starting...
 ✓ Ready in 1186ms
 ○ Compiling / ...
 ✓ Compiled / in 3.1s
 GET /?id=79b601f1-bf03-4bdf-84b6-05a2519148f0&vscodeBrowserReqId=1756223559641 200 in 3560ms
 GET / 200 in 137ms
 GET / 200 in 132ms
 GET /?id=79b601f1-bf03-4bdf-84b6-05a2519148f0&vscodeBrowserReqId=1756223970971 200 in 136ms
 GET / 200 in 136ms
 HEAD / 200 in 129ms
 GET /?id=644db75f-80b0-48c6-a236-b5056d9a45ef&vscodeBrowserReqId=1756225238657 200 in 131ms
 GET / 200 in 131ms
 ✓ Compiled /api/ai/analyze in 366ms
[2025-08-26T16:25:55.668Z] ERROR: AI content analysis failed {
  error: '[\n' +
    '  {\n' +
    '    "expected": "array",\n' +
    '    "code": "invalid_type",\n' +
    '    "path": [\n' +
    '      "content"\n' +
    '    ],\n' +
    '    "message": "Invalid input: expected array, received undefined"\n' +
    '  }\n' +
    ']',
  stack: 'ZodError: [\n' +
    '  {\n' +
    '    "expected": "array",\n' +
    '    "code": "invalid_type",\n' +
    '    "path": [\n' +
    '      "content"\n' +
    '    ],\n' +
    '    "message": "Invalid input: expected array, received undefined"\n' +
    '  }\n' +
    ']\n' +
    '    at POST (/usr/local/google/home/waynefan/devinn/.next/server/chunks/[root-of-the-server]__ae1094d1._.js:1267:52)\n' +
    '    at process.processTicksAndRejections (node:internal/process/task_queues:95:5)\n' +
    '    at async AppRouteRouteModule.do (/usr/local/google/home/waynefan/devinn/node_modules/next/dist/compiled/next-server/app-route-turbo.runtime.dev.js:5:38696)\n' +
    '    at async AppRouteRouteModule.handle (/usr/local/google/home/waynefan/devinn/node_modules/next/dist/compiled/next-server/app-route-turbo.runtime.dev.js:5:45978)\n' +
    '    at async responseGenerator (/usr/local/google/home/waynefan/devinn/.next/server/chunks/node_modules_next_945e5d65._.js:14164:38)\n' +
    '    at async AppRouteRouteModule.handleResponse (/usr/local/google/home/waynefan/devinn/node_modules/next/dist/compiled/next-server/app-route-turbo.runtime.dev.js:1:187643)\n' +
    '    at async handleResponse (/usr/local/google/home/waynefan/devinn/.next/server/chunks/node_modules_next_945e5d65._.js:14226:32)\n' +
    '    at async handler (/usr/local/google/home/waynefan/devinn/.next/server/chunks/node_modules_next_945e5d65._.js:14278:13)\n' +
    '    at async DevServer.renderToResponseWithComponentsImpl (/usr/local/google/home/waynefan/devinn/node_modules/next/dist/server/base-server.js:1422:9)\n' +
    '    at async DevServer.renderPageComponent (/usr/local/google/home/waynefan/devinn/node_modules/next/dist/server/base-server.js:1474:24)\n' +
    '    at async DevServer.renderToResponseImpl (/usr/local/google/home/waynefan/devinn/node_modules/next/dist/server/base-server.js:1514:32)\n' +
    '    at async DevServer.pipeImpl (/usr/local/google/home/waynefan/devinn/node_modules/next/dist/server/base-server.js:1025:25)\n' +
    '    at async NextNodeServer.handleCatchallRenderRequest (/usr/local/google/home/waynefan/devinn/node_modules/next/dist/server/next-server.js:393:17)\n' +
    '    at async DevServer.handleRequestImpl (/usr/local/google/home/waynefan/devinn/node_modules/next/dist/server/base-server.js:916:17)\n' +
    '    at async /usr/local/google/home/waynefan/devinn/node_modules/next/dist/server/dev/next-dev-server.js:399:20\n' +
    '    at async Span.traceAsyncFn (/usr/local/google/home/waynefan/devinn/node_modules/next/dist/trace/trace.js:157:20)\n' +
    '    at async DevServer.handleRequest (/usr/local/google/home/waynefan/devinn/node_modules/next/dist/server/dev/next-dev-server.js:395:24)\n' +
    '    at async invokeRender (/usr/local/google/home/waynefan/devinn/node_modules/next/dist/server/lib/router-server.js:240:21)\n' +
    '    at async handleRequest (/usr/local/google/home/waynefan/devinn/node_modules/next/dist/server/lib/router-server.js:437:24)\n' +
    '    at async requestHandlerImpl (/usr/local/google/home/waynefan/devinn/node_modules/next/dist/server/lib/router-server.js:485:13)\n' +
    '    at async Server.requestListener (/usr/local/google/home/waynefan/devinn/node_modules/next/dist/server/lib/start-server.js:226:13)'
}
 POST /api/ai/analyze 400 in 823ms
 GET / 200 in 139ms
 HEAD / 200 in 127ms
 HEAD / 200 in 127ms
 GET / 200 in 141ms
 GET /?id=644db75f-80b0-48c6-a236-b5056d9a45ef&vscodeBrowserReqId=1756227161701 200 in 130ms
 GET / 200 in 128ms
 GET /?id=644db75f-80b0-48c6-a236-b5056d9a45ef&vscodeBrowserReqId=1756268765051 200 in 137ms
